<?xml version="1.0" encoding="UTF-8"?>
<!-- Generated by org.testng.reporters.JUnitReportReporter -->
<testsuite hostname="Sreenu" name="com.absa.qa.test.AddUserTest" tests="2" failures="0" timestamp="20 Jun 2020 19:07:13 GMT" time="23.588" errors="0">
  <testcase name="newAddUser1" time="12.240" classname="com.absa.qa.test.AddUserTest"/>
  <testcase name="newAddUser1" time="11.348" classname="com.absa.qa.test.AddUserTest"/>
</testsuite> <!-- com.absa.qa.test.AddUserTest -->
