<?xml version="1.0" encoding="UTF-8"?>
<!-- Generated by org.testng.reporters.JUnitReportReporter -->
<testsuite hostname="Sreenu" name="TestLayer.AddUserTest" tests="2" failures="0" timestamp="20 Jun 2020 17:54:05 GMT" time="28.621" errors="0">
  <testcase name="newAddUser1" time="14.967" classname="TestLayer.AddUserTest"/>
  <testcase name="newAddUser1" time="13.654" classname="TestLayer.AddUserTest"/>
</testsuite> <!-- TestLayer.AddUserTest -->
